#
# There is insufficient memory for the Java Runtime Environment to continue.
# Native memory allocation (malloc) failed to allocate 584896 bytes for Chunk::new
# Possible reasons:
#   The system is out of physical RAM or swap space
#   The process is running with CompressedOops enabled, and the Java Heap may be blocking the growth of the native heap
# Possible solutions:
#   Reduce memory load on the system
#   Increase physical memory or swap space
#   Check if swap backing store is full
#   Decrease Java heap size (-Xmx/-Xms)
#   Decrease number of Java threads
#   Decrease Java thread stack sizes (-Xss)
#   Set larger code cache with -XX:ReservedCodeCacheSize=
#   JVM is running with Unscaled Compressed Oops mode in which the Java heap is
#     placed in the first 4GB address space. The Java Heap base address is the
#     maximum limit for the native heap growth. Please use -XX:HeapBaseMinAddress
#     to set the Java Heap base and to place the Java Heap above 4GB virtual address.
# This output file may be truncated or incomplete.
#
#  Out of Memory Error (allocation.cpp:389), pid=9240, tid=0x0000000000001c1c
#
# JRE version: OpenJDK Runtime Environment (8.0_242-b01) (build 1.8.0_242-release-1644-b01)
# Java VM: OpenJDK 64-Bit Server VM (25.242-b01 mixed mode windows-amd64 compressed oops)
# Failed to write core dump. Minidumps are not enabled by default on client versions of Windows
#

---------------  T H R E A D  ---------------

Current thread (0x000000001793b000):  JavaThread "C2 CompilerThread1" daemon [_thread_in_native, id=7196, stack(0x00000000190c0000,0x00000000191c0000)]

Stack: [0x00000000190c0000,0x00000000191c0000]
[error occurred during error reporting (printing stack bounds), id 0xc0000005]

Native frames: (J=compiled Java code, j=interpreted, Vv=VM code, C=native code)


Current CompileTask:
C2:   4508 1964   !   4       java.lang.ClassLoader::getPackage (118 bytes)


---------------  P R O C E S S  ---------------

Java Threads: ( => current thread )
  0x000000001b551000 JavaThread "Cache worker for execution history cache (C:\Users\thierry\.gradle\caches\6.5\executionHistory)" [_thread_blocked, id=6492, stack(0x00000000203a0000,0x00000000204a0000)]
  0x000000001b552800 JavaThread "Cache worker for cache directory md-rule (C:\Users\thierry\.gradle\caches\6.5\md-rule)" [_thread_blocked, id=6240, stack(0x00000000202a0000,0x00000000203a0000)]
  0x000000001b552000 JavaThread "Cache worker for cache directory md-supplier (C:\Users\thierry\.gradle\caches\6.5\md-supplier)" [_thread_blocked, id=10940, stack(0x00000000201a0000,0x00000000202a0000)]
  0x000000001b54e000 JavaThread "Cache worker for checksums cache (D:\workspace\CalculadoraDeNota\.gradle\checksums)" [_thread_blocked, id=11692, stack(0x00000000200a0000,0x00000000201a0000)]
  0x000000001b54f800 JavaThread "Cache worker for file hash cache (D:\workspace\CalculadoraDeNota\.gradle\6.5\fileHashes)" [_thread_blocked, id=11312, stack(0x000000001fda0000,0x000000001fea0000)]
  0x000000001b54c800 JavaThread "Cache worker for file hash cache (C:\Users\thierry\.gradle\caches\6.5\fileHashes)" [_thread_blocked, id=5868, stack(0x000000001e8d0000,0x000000001e9d0000)]
  0x000000001b54f000 JavaThread "File lock request listener" [_thread_in_native, id=12792, stack(0x000000001d800000,0x000000001d900000)]
  0x000000001b4b4800 JavaThread "Cache worker for journal cache (C:\Users\thierry\.gradle\caches\journal-1)" [_thread_blocked, id=3444, stack(0x000000001d700000,0x000000001d800000)]
  0x0000000019930000 JavaThread "Thread-9" [_thread_blocked, id=8304, stack(0x000000001d400000,0x000000001d500000)]
  0x000000001b30c000 JavaThread "Stdin handler" [_thread_blocked, id=10656, stack(0x000000001d300000,0x000000001d400000)]
  0x000000001b319800 JavaThread "Asynchronous log dispatcher for DefaultDaemonConnection: socket connection from /127.0.0.1:63393 to /127.0.0.1:63394" [_thread_blocked, id=680, stack(0x000000001d200000,0x000000001d300000)]
  0x000000001b317800 JavaThread "Daemon worker" [_thread_in_native, id=9144, stack(0x000000001d100000,0x000000001d200000)]
  0x000000001b312000 JavaThread "Cancel handler" [_thread_blocked, id=9596, stack(0x000000001d000000,0x000000001d100000)]
  0x000000001b2a4000 JavaThread "Handler for socket connection from /127.0.0.1:63393 to /127.0.0.1:63394" [_thread_in_native, id=5988, stack(0x000000001cf00000,0x000000001d000000)]
  0x000000001b2a1800 JavaThread "Daemon" [_thread_blocked, id=11092, stack(0x000000001ce00000,0x000000001cf00000)]
  0x000000001b1b4800 JavaThread "Daemon periodic checks" [_thread_blocked, id=10212, stack(0x000000001cb00000,0x000000001cc00000)]
  0x000000001b1d8800 JavaThread "Incoming local TCP Connector on port 63393" [_thread_in_native, id=5904, stack(0x000000001c8a0000,0x000000001c9a0000)]
  0x0000000019983800 JavaThread "Daemon health stats" [_thread_blocked, id=7696, stack(0x000000001c260000,0x000000001c360000)]
  0x00000000191f1800 JavaThread "Service Thread" daemon [_thread_blocked, id=5476, stack(0x00000000196c0000,0x00000000197c0000)]
  0x00000000191c8800 JavaThread "C1 CompilerThread2" daemon [_thread_blocked, id=11288, stack(0x00000000195c0000,0x00000000196c0000)]
=>0x000000001793b000 JavaThread "C2 CompilerThread1" daemon [_thread_in_native, id=7196, stack(0x00000000190c0000,0x00000000191c0000)]
  0x0000000017936000 JavaThread "C2 CompilerThread0" daemon [_thread_blocked, id=4180, stack(0x0000000018fc0000,0x00000000190c0000)]
  0x0000000017934000 JavaThread "Attach Listener" daemon [_thread_blocked, id=8724, stack(0x0000000018ec0000,0x0000000018fc0000)]
  0x0000000017930800 JavaThread "Signal Dispatcher" daemon [_thread_blocked, id=12036, stack(0x0000000018dc0000,0x0000000018ec0000)]
  0x0000000002d0a000 JavaThread "Finalizer" daemon [_thread_blocked, id=12532, stack(0x0000000018ba0000,0x0000000018ca0000)]
  0x0000000002d01000 JavaThread "Reference Handler" daemon [_thread_blocked, id=10692, stack(0x0000000018aa0000,0x0000000018ba0000)]
  0x0000000002c12800 JavaThread "main" [_thread_blocked, id=10508, stack(0x0000000002ab0000,0x0000000002bb0000)]

Other Threads:
  0x00000000178f6800 VMThread [stack: 0x00000000189a0000,0x0000000018aa0000] [id=8764]
  0x000000001798e800 WatcherThread [stack: 0x00000000197c0000,0x00000000198c0000] [id=11132]

VM state:not at safepoint (normal execution)

VM Mutex/Monitor currently owned by a thread: None

heap address: 0x0000000080000000, size: 2048 MB, Compressed Oops mode: 32-bit
Narrow klass base: 0x0000000000000000, Narrow klass shift: 3
Compressed class space size: 1073741824 Address: 0x0000000100000000

Heap:
 PSYoungGen      total 76800K, used 45703K [0x00000000d5580000, 0x00000000deb80000, 0x0000000100000000)
  eden space 66048K, 69% used [0x00000000d5580000,0x00000000d8221c30,0x00000000d9600000)
  from space 10752K, 0% used [0x00000000d9600000,0x00000000d9600000,0x00000000da080000)
  to   space 10752K, 0% used [0x00000000de100000,0x00000000de100000,0x00000000deb80000)
 ParOldGen       total 46592K, used 6634K [0x0000000080000000, 0x0000000082d80000, 0x00000000d5580000)
  object space 46592K, 14% used [0x0000000080000000,0x000000008067ab70,0x0000000082d80000)
 Metaspace       used 23751K, capacity 24574K, committed 24880K, reserved 1071104K
  class space    used 3382K, capacity 3619K, committed 3632K, reserved 1048576K

Card table byte_map: [0x00000000120d0000,0x00000000124e0000] byte_map_base: 0x0000000011cd0000

Marking Bits: (ParMarkBitMap*) 0x00000000739ff030
 Begin Bits: [0x0000000012b90000, 0x0000000014b90000)
 End Bits:   [0x0000000014b90000, 0x0000000016b90000)

Polling page: 0x0000000000d60000

CodeCache: size=245760Kb used=7079Kb max_used=7093Kb free=238680Kb
 bounds [0x0000000002d10000, 0x0000000003410000, 0x0000000011d10000]
 total_blobs=2412 nmethods=1981 adapters=344
 compilation: enabled

Compilation events (10 events):
Event: 4.476 Thread 0x00000000191c8800 nmethod 1982 0x00000000033f3b10 code [0x00000000033f3d00, 0x00000000033f4758]
Event: 4.476 Thread 0x00000000191c8800 1983       3       org.objectweb.asm.SymbolTable::addConstantFieldref (10 bytes)
Event: 4.476 Thread 0x00000000191c8800 nmethod 1983 0x00000000033f8690 code [0x00000000033f8800, 0x00000000033f89a8]
Event: 4.476 Thread 0x00000000191c8800 1980       3       org.objectweb.asm.MethodWriter::visitJumpInsn (495 bytes)
Event: 4.478 Thread 0x00000000191c8800 nmethod 1980 0x00000000033f8a50 code [0x00000000033f8d80, 0x00000000033fa5b8]
Event: 4.478 Thread 0x00000000191c8800 1981       3       org.objectweb.asm.Label::put (83 bytes)
Event: 4.478 Thread 0x00000000191c8800 nmethod 1981 0x00000000033fb1d0 code [0x00000000033fb3a0, 0x00000000033fb7b8]
Event: 4.479 Thread 0x00000000191c8800 1984       3       org.gradle.internal.service.DefaultServiceRegistry$InstanceUnpackingVisitor::visit (24 bytes)
Event: 4.479 Thread 0x00000000191c8800 nmethod 1984 0x00000000033fb9d0 code [0x00000000033fbb80, 0x00000000033fc158]
Event: 4.488 Thread 0x0000000017936000 nmethod 1973 0x00000000033ffa50 code [0x00000000033ffc20, 0x0000000003400670]

GC Heap History (10 events):
Event: 1.916 GC heap before
{Heap before GC invocations=4 (full 0):
 PSYoungGen      total 38400K, used 38384K [0x00000000d5580000, 0x00000000d8000000, 0x0000000100000000)
  eden space 33280K, 100% used [0x00000000d5580000,0x00000000d7600000,0x00000000d7600000)
  from space 5120K, 99% used [0x00000000d7600000,0x00000000d7afc010,0x00000000d7b00000)
  to   space 5120K, 0% used [0x00000000d7b00000,0x00000000d7b00000,0x00000000d8000000)
 ParOldGen       total 87552K, used 1156K [0x0000000080000000, 0x0000000085580000, 0x00000000d5580000)
  object space 87552K, 1% used [0x0000000080000000,0x0000000080121388,0x0000000085580000)
 Metaspace       used 15349K, capacity 15914K, committed 16128K, reserved 1062912K
  class space    used 2025K, capacity 2191K, committed 2304K, reserved 1048576K
Event: 1.924 GC heap after
Heap after GC invocations=4 (full 0):
 PSYoungGen      total 38400K, used 5111K [0x00000000d5580000, 0x00000000da080000, 0x0000000100000000)
  eden space 33280K, 0% used [0x00000000d5580000,0x00000000d5580000,0x00000000d7600000)
  from space 5120K, 99% used [0x00000000d7b00000,0x00000000d7ffdd40,0x00000000d8000000)
  to   space 5120K, 0% used [0x00000000d7600000,0x00000000d7600000,0x00000000d7b00000)
 ParOldGen       total 87552K, used 3463K [0x0000000080000000, 0x0000000085580000, 0x00000000d5580000)
  object space 87552K, 3% used [0x0000000080000000,0x0000000080361d10,0x0000000085580000)
 Metaspace       used 15349K, capacity 15914K, committed 16128K, reserved 1062912K
  class space    used 2025K, capacity 2191K, committed 2304K, reserved 1048576K
}
Event: 2.266 GC heap before
{Heap before GC invocations=5 (full 0):
 PSYoungGen      total 38400K, used 38391K [0x00000000d5580000, 0x00000000da080000, 0x0000000100000000)
  eden space 33280K, 100% used [0x00000000d5580000,0x00000000d7600000,0x00000000d7600000)
  from space 5120K, 99% used [0x00000000d7b00000,0x00000000d7ffdd40,0x00000000d8000000)
  to   space 5120K, 0% used [0x00000000d7600000,0x00000000d7600000,0x00000000d7b00000)
 ParOldGen       total 87552K, used 3463K [0x0000000080000000, 0x0000000085580000, 0x00000000d5580000)
  object space 87552K, 3% used [0x0000000080000000,0x0000000080361d10,0x0000000085580000)
 Metaspace       used 17828K, capacity 18448K, committed 18560K, reserved 1064960K
  class space    used 2443K, capacity 2632K, committed 2688K, reserved 1048576K
Event: 2.279 GC heap after
Heap after GC invocations=5 (full 0):
 PSYoungGen      total 38400K, used 5088K [0x00000000d5580000, 0x00000000daa80000, 0x0000000100000000)
  eden space 33280K, 0% used [0x00000000d5580000,0x00000000d5580000,0x00000000d7600000)
  from space 5120K, 99% used [0x00000000d7600000,0x00000000d7af8040,0x00000000d7b00000)
  to   space 10240K, 0% used [0x00000000da080000,0x00000000da080000,0x00000000daa80000)
 ParOldGen       total 87552K, used 6558K [0x0000000080000000, 0x0000000085580000, 0x00000000d5580000)
  object space 87552K, 7% used [0x0000000080000000,0x0000000080667ab0,0x0000000085580000)
 Metaspace       used 17828K, capacity 18448K, committed 18560K, reserved 1064960K
  class space    used 2443K, capacity 2632K, committed 2688K, reserved 1048576K
}
Event: 2.628 GC heap before
{Heap before GC invocations=6 (full 0):
 PSYoungGen      total 38400K, used 38368K [0x00000000d5580000, 0x00000000daa80000, 0x0000000100000000)
  eden space 33280K, 100% used [0x00000000d5580000,0x00000000d7600000,0x00000000d7600000)
  from space 5120K, 99% used [0x00000000d7600000,0x00000000d7af8040,0x00000000d7b00000)
  to   space 10240K, 0% used [0x00000000da080000,0x00000000da080000,0x00000000daa80000)
 ParOldGen       total 87552K, used 6558K [0x0000000080000000, 0x0000000085580000, 0x00000000d5580000)
  object space 87552K, 7% used [0x0000000080000000,0x0000000080667ab0,0x0000000085580000)
 Metaspace       used 20559K, capacity 21204K, committed 21248K, reserved 1067008K
  class space    used 2870K, capacity 3048K, committed 3072K, reserved 1048576K
Event: 2.635 GC heap after
Heap after GC invocations=6 (full 0):
 PSYoungGen      total 76288K, used 8551K [0x00000000d5580000, 0x00000000dab80000, 0x0000000100000000)
  eden space 66048K, 0% used [0x00000000d5580000,0x00000000d5580000,0x00000000d9600000)
  from space 10240K, 83% used [0x00000000da080000,0x00000000da8d9dc0,0x00000000daa80000)
  to   space 10752K, 0% used [0x00000000d9600000,0x00000000d9600000,0x00000000da080000)
 ParOldGen       total 87552K, used 6566K [0x0000000080000000, 0x0000000085580000, 0x00000000d5580000)
  object space 87552K, 7% used [0x0000000080000000,0x0000000080669ab0,0x0000000085580000)
 Metaspace       used 20559K, capacity 21204K, committed 21248K, reserved 1067008K
  class space    used 2870K, capacity 3048K, committed 3072K, reserved 1048576K
}
Event: 2.641 GC heap before
{Heap before GC invocations=7 (full 0):
 PSYoungGen      total 76288K, used 9590K [0x00000000d5580000, 0x00000000dab80000, 0x0000000100000000)
  eden space 66048K, 1% used [0x00000000d5580000,0x00000000d5683d10,0x00000000d9600000)
  from space 10240K, 83% used [0x00000000da080000,0x00000000da8d9dc0,0x00000000daa80000)
  to   space 10752K, 0% used [0x00000000d9600000,0x00000000d9600000,0x00000000da080000)
 ParOldGen       total 87552K, used 6566K [0x0000000080000000, 0x0000000085580000, 0x00000000d5580000)
  object space 87552K, 7% used [0x0000000080000000,0x0000000080669ab0,0x0000000085580000)
 Metaspace       used 20593K, capacity 21236K, committed 21296K, reserved 1067008K
  class space    used 2876K, capacity 3080K, committed 3120K, reserved 1048576K
Event: 2.648 GC heap after
Heap after GC invocations=7 (full 0):
 PSYoungGen      total 76800K, used 3732K [0x00000000d5580000, 0x00000000deb80000, 0x0000000100000000)
  eden space 66048K, 0% used [0x00000000d5580000,0x00000000d5580000,0x00000000d9600000)
  from space 10752K, 34% used [0x00000000d9600000,0x00000000d99a5040,0x00000000da080000)
  to   space 10752K, 0% used [0x00000000de100000,0x00000000de100000,0x00000000deb80000)
 ParOldGen       total 87552K, used 8886K [0x0000000080000000, 0x0000000085580000, 0x00000000d5580000)
  object space 87552K, 10% used [0x0000000080000000,0x00000000808adb20,0x0000000085580000)
 Metaspace       used 20593K, capacity 21236K, committed 21296K, reserved 1067008K
  class space    used 2876K, capacity 3080K, committed 3120K, reserved 1048576K
}
Event: 2.648 GC heap before
{Heap before GC invocations=8 (full 1):
 PSYoungGen      total 76800K, used 3732K [0x00000000d5580000, 0x00000000deb80000, 0x0000000100000000)
  eden space 66048K, 0% used [0x00000000d5580000,0x00000000d5580000,0x00000000d9600000)
  from space 10752K, 34% used [0x00000000d9600000,0x00000000d99a5040,0x00000000da080000)
  to   space 10752K, 0% used [0x00000000de100000,0x00000000de100000,0x00000000deb80000)
 ParOldGen       total 87552K, used 8886K [0x0000000080000000, 0x0000000085580000, 0x00000000d5580000)
  object space 87552K, 10% used [0x0000000080000000,0x00000000808adb20,0x0000000085580000)
 Metaspace       used 20593K, capacity 21236K, committed 21296K, reserved 1067008K
  class space    used 2876K, capacity 3080K, committed 3120K, reserved 1048576K
Event: 2.676 GC heap after
Heap after GC invocations=8 (full 1):
 PSYoungGen      total 76800K, used 0K [0x00000000d5580000, 0x00000000deb80000, 0x0000000100000000)
  eden space 66048K, 0% used [0x00000000d5580000,0x00000000d5580000,0x00000000d9600000)
  from space 10752K, 0% used [0x00000000d9600000,0x00000000d9600000,0x00000000da080000)
  to   space 10752K, 0% used [0x00000000de100000,0x00000000de100000,0x00000000deb80000)
 ParOldGen       total 46592K, used 6634K [0x0000000080000000, 0x0000000082d80000, 0x00000000d5580000)
  object space 46592K, 14% used [0x0000000080000000,0x000000008067ab70,0x0000000082d80000)
 Metaspace       used 20593K, capacity 21236K, committed 21296K, reserved 1067008K
  class space    used 2876K, capacity 3080K, committed 3120K, reserved 1048576K
}

Deoptimization events (10 events):
Event: 2.140 Thread 0x000000001b317800 Uncommon trap: reason=unstable_if action=reinterpret pc=0x0000000002f97904 method=java.util.HashMap.getNode(ILjava/lang/Object;)Ljava/util/HashMap$Node; @ 129
Event: 2.140 Thread 0x000000001b317800 Uncommon trap: reason=bimorphic action=maybe_recompile pc=0x00000000031b0a84 method=java.util.HashMap.putVal(ILjava/lang/Object;Ljava/lang/Object;ZZ)Ljava/lang/Object; @ 203
Event: 2.143 Thread 0x000000001b317800 Uncommon trap: reason=unstable_if action=reinterpret pc=0x0000000002f8d7d0 method=java.util.HashMap.getNode(ILjava/lang/Object;)Ljava/util/HashMap$Node; @ 129
Event: 2.143 Thread 0x000000001b317800 Uncommon trap: reason=bimorphic action=maybe_recompile pc=0x00000000031b0a84 method=java.util.HashMap.putVal(ILjava/lang/Object;Ljava/lang/Object;ZZ)Ljava/lang/Object; @ 203
Event: 2.146 Thread 0x000000001b317800 Uncommon trap: reason=bimorphic action=maybe_recompile pc=0x00000000031b38e8 method=java.util.HashMap.putVal(ILjava/lang/Object;Ljava/lang/Object;ZZ)Ljava/lang/Object; @ 203
Event: 2.741 Thread 0x000000001b317800 Uncommon trap: reason=unstable_if action=reinterpret pc=0x0000000003309560 method=java.util.HashMap.hash(Ljava/lang/Object;)I @ 1
Event: 2.750 Thread 0x000000001b317800 Uncommon trap: reason=unstable_if action=reinterpret pc=0x000000000329d428 method=java.util.HashMap.hash(Ljava/lang/Object;)I @ 1
Event: 2.815 Thread 0x000000001b317800 Uncommon trap: reason=unstable_if action=reinterpret pc=0x00000000032f19bc method=jdk.internal.org.objectweb.asm.Type.getArgumentsAndReturnSizes(Ljava/lang/String;)I @ 88
Event: 3.169 Thread 0x000000001b317800 Uncommon trap: reason=unstable_if action=reinterpret pc=0x000000000302213c method=java.io.WinNTFileSystem.resolve(Ljava/lang/String;Ljava/lang/String;)Ljava/lang/String; @ 49
Event: 4.470 Thread 0x000000001b317800 Uncommon trap: reason=unstable_if action=reinterpret pc=0x0000000003311f10 method=java.util.HashMap.putVal(ILjava/lang/Object;Ljava/lang/Object;ZZ)Ljava/lang/Object; @ 162

Classes redefined (0 events):
No events

Internal exceptions (10 events):
Event: 1.985 Thread 0x000000001b317800 Exception <a 'java/lang/NoSuchMethodError': java.lang.Object.lambda$and$0(Ljava/util/function/Predicate;Ljava/lang/Object;)Z> (0x00000000d5770838) thrown at [C:\src\AOSP-openjdk-git\hotspot\src\share\vm\interpreter\linkResolver.cpp, line 620]
Event: 2.005 Thread 0x000000001b317800 Exception <a 'java/lang/IncompatibleClassChangeError': Found class java.lang.Object, but interface was expected> (0x00000000d5797a08) thrown at [C:\src\AOSP-openjdk-git\hotspot\src\share\vm\interpreter\linkResolver.cpp, line 653]
Event: 2.006 Thread 0x000000001b317800 Exception <a 'java/lang/NoSuchMethodError': java.lang.Object.lambda$or$2(Ljava/util/function/Predicate;Ljava/lang/Object;)Z> (0x00000000d579c558) thrown at [C:\src\AOSP-openjdk-git\hotspot\src\share\vm\interpreter\linkResolver.cpp, line 620]
Event: 2.180 Thread 0x000000001b317800 Exception <a 'java/lang/NoSuchMethodError': java.lang.Object.lambda$static$0(Lorg/gradle/internal/state/ModelObject;)Ljava/lang/String;> (0x00000000d6f729a8) thrown at [C:\src\AOSP-openjdk-git\hotspot\src\share\vm\interpreter\linkResolver.cpp, line 620]
Event: 2.465 Thread 0x000000001b317800 Exception <a 'java/lang/NoSuchMethodError': java.lang.Object.lambda$static$1(Lorg/gradle/internal/snapshot/SnapshotHierarchy$DiffCapturingUpdateFunction;)Lorg/gradle/internal/snapshot/AtomicSnapshotHierarchyReference$UpdateFunction;> (0x00000000d6632de0) 
Event: 2.741 Thread 0x000000001b317800 Implicit null exception at 0x0000000003309355 to 0x0000000003309551
Event: 2.750 Thread 0x000000001b317800 Implicit null exception at 0x000000000329d3af to 0x000000000329d419
Event: 2.815 Thread 0x000000001b317800 Exception <a 'java/lang/NoSuchMethodError': java.lang.Object.lambda$comparing$77a9974f$1(Ljava/util/function/Function;Ljava/lang/Object;Ljava/lang/Object;)I> (0x00000000d59a7c10) thrown at [C:\src\AOSP-openjdk-git\hotspot\src\share\vm\interpreter\linkReso
Event: 2.863 Thread 0x000000001b317800 Exception <a 'java/lang/NoSuchMethodError': java.lang.Object.lambda$withReadOnlyCache$0(Ljava/util/function/BiFunction;Lorg/gradle/api/internal/artifacts/ivyservice/ArtifactCacheMetadata;)Ljava/lang/Object;> (0x00000000d5c359d8) thrown at [C:\src\AOSP-ope
Event: 2.964 Thread 0x000000001b317800 Exception <a 'java/lang/NoSuchMethodError': java.lang.Object.lambda$static$0(Lorg/gradle/api/internal/artifacts/ivyservice/ivyresolve/ModuleComponentRepository;Ljava/lang/String;Lorg/gradle/api/internal/artifacts/configurations/ResolutionStrategyInternal;

Events (10 events):
Event: 4.485 loading class org/gradle/internal/metaobject/BeanDynamicObject$MetaClassAdapter
Event: 4.485 loading class org/gradle/internal/metaobject/BeanDynamicObject$MetaClassAdapter done
Event: 4.485 loading class org/gradle/internal/metaobject/BeanDynamicObject$ClassAdapter
Event: 4.485 loading class org/gradle/internal/metaobject/BeanDynamicObject$ClassAdapter done
Event: 4.486 loading class org/gradle/internal/metaobject/BeanDynamicObject$MapAdapter
Event: 4.486 loading class org/gradle/internal/metaobject/BeanDynamicObject$MapAdapter done
Event: 4.486 loading class org/gradle/internal/metaobject/BeanDynamicObject$GroovyObjectAdapter
Event: 4.486 loading class org/gradle/internal/metaobject/BeanDynamicObject$GroovyObjectAdapter done
Event: 4.487 loading class groovy/lang/MetaClassImpl
Event: 4.487 loading class groovy/lang/MetaClassImpl done


Dynamic libraries:
0x00007ff607cf0000 - 0x00007ff607d21000 	D:\SiTef\sistema\jre\bin\java.exe
0x00007ffd832b0000 - 0x00007ffd834a5000 	C:\Windows\SYSTEM32\ntdll.dll
0x00007ffd82120000 - 0x00007ffd821dd000 	C:\Windows\System32\KERNEL32.DLL
0x00007ffd809f0000 - 0x00007ffd80cb8000 	C:\Windows\System32\KERNELBASE.dll
0x00007ffd82990000 - 0x00007ffd82a3c000 	C:\Windows\System32\ADVAPI32.dll
0x00007ffd82bd0000 - 0x00007ffd82c6e000 	C:\Windows\System32\msvcrt.dll
0x00007ffd82fd0000 - 0x00007ffd8306b000 	C:\Windows\System32\sechost.dll
0x00007ffd81d40000 - 0x00007ffd81e6b000 	C:\Windows\System32\RPCRT4.dll
0x00007ffd83070000 - 0x00007ffd83210000 	C:\Windows\System32\USER32.dll
0x00007ffd81050000 - 0x00007ffd81072000 	C:\Windows\System32\win32u.dll
0x00007ffd81340000 - 0x00007ffd8136a000 	C:\Windows\System32\GDI32.dll
0x00007ffd81210000 - 0x00007ffd8131b000 	C:\Windows\System32\gdi32full.dll
0x00007ffd80fb0000 - 0x00007ffd8104d000 	C:\Windows\System32\msvcp_win.dll
0x00007ffd80e60000 - 0x00007ffd80f60000 	C:\Windows\System32\ucrtbase.dll
0x00007ffd69400000 - 0x00007ffd6969a000 	C:\Windows\WinSxS\amd64_microsoft.windows.common-controls_6595b64144ccf1df_6.0.19041.1052_none_60b8f8fd71f5e8cb\COMCTL32.dll
0x00007ffd81c00000 - 0x00007ffd81c30000 	C:\Windows\System32\IMM32.DLL
0x0000000073150000 - 0x0000000073222000 	D:\SiTef\sistema\jre\jre\bin\msvcr100.dll
0x0000000073230000 - 0x0000000073a7b000 	D:\SiTef\sistema\jre\jre\bin\server\jvm.dll
0x00007ffd81bf0000 - 0x00007ffd81bf8000 	C:\Windows\System32\PSAPI.DLL
0x00007ffd7a710000 - 0x00007ffd7a71a000 	C:\Windows\SYSTEM32\VERSION.dll
0x00007ffd79260000 - 0x00007ffd79287000 	C:\Windows\SYSTEM32\WINMM.dll
0x00007ffd68ff0000 - 0x00007ffd68ff9000 	C:\Windows\SYSTEM32\WSOCK32.dll
0x00007ffd821e0000 - 0x00007ffd8224b000 	C:\Windows\System32\WS2_32.dll
0x00007ffd7e1e0000 - 0x00007ffd7e1ef000 	D:\SiTef\sistema\jre\jre\bin\verify.dll
0x00007ffd7c120000 - 0x00007ffd7c149000 	D:\SiTef\sistema\jre\jre\bin\java.dll
0x00007ffd7c480000 - 0x00007ffd7c496000 	D:\SiTef\sistema\jre\jre\bin\zip.dll
0x00007ffd82250000 - 0x00007ffd8298f000 	C:\Windows\System32\SHELL32.dll
0x00007ffd7eb60000 - 0x00007ffd7f2f0000 	C:\Windows\SYSTEM32\windows.storage.dll
0x00007ffd82c70000 - 0x00007ffd82fc5000 	C:\Windows\System32\combase.dll
0x00007ffd803f0000 - 0x00007ffd8041c000 	C:\Windows\SYSTEM32\Wldp.dll
0x00007ffd81f80000 - 0x00007ffd8202e000 	C:\Windows\System32\SHCORE.dll
0x00007ffd82a40000 - 0x00007ffd82a95000 	C:\Windows\System32\shlwapi.dll
0x00007ffd80930000 - 0x00007ffd8094f000 	C:\Windows\SYSTEM32\profapi.dll
0x00007ffd7c6a0000 - 0x00007ffd7c6ba000 	D:\SiTef\sistema\jre\jre\bin\net.dll
0x00007ffd80160000 - 0x00007ffd801ca000 	C:\Windows\system32\mswsock.dll
0x00007ffd7b270000 - 0x00007ffd7b283000 	D:\SiTef\sistema\jre\jre\bin\nio.dll
0x00007ffd781e0000 - 0x00007ffd78207000 	C:\Users\thierry\.gradle\native\f6784746aeab05261644944871eae4fe03e0ef1612fff0a4a95f87b438bc6780\windows-amd64\native-platform.dll
0x00007ffd7dd50000 - 0x00007ffd7dd5d000 	D:\SiTef\sistema\jre\jre\bin\management.dll
0x00007ffd80330000 - 0x00007ffd80348000 	C:\Windows\SYSTEM32\CRYPTSP.dll
0x00007ffd7faa0000 - 0x00007ffd7fad4000 	C:\Windows\system32\rsaenh.dll
0x00007ffd81080000 - 0x00007ffd810a7000 	C:\Windows\System32\bcrypt.dll
0x00007ffd808f0000 - 0x00007ffd8091e000 	C:\Windows\SYSTEM32\USERENV.dll
0x00007ffd80d70000 - 0x00007ffd80df3000 	C:\Windows\System32\bcryptprimitives.dll
0x00007ffd80350000 - 0x00007ffd8035c000 	C:\Windows\SYSTEM32\CRYPTBASE.dll
0x00007ffd7fe50000 - 0x00007ffd7fe8b000 	C:\Windows\SYSTEM32\IPHLPAPI.DLL
0x00007ffd82bc0000 - 0x00007ffd82bc8000 	C:\Windows\System32\NSI.dll
0x00007ffd79b90000 - 0x00007ffd79ba7000 	C:\Windows\SYSTEM32\dhcpcsvc6.DLL
0x00007ffd7a860000 - 0x00007ffd7a87d000 	C:\Windows\SYSTEM32\dhcpcsvc.DLL
0x00007ffd7fef0000 - 0x00007ffd7ffbc000 	C:\Windows\SYSTEM32\DNSAPI.dll
0x00007ffd7a810000 - 0x00007ffd7a81b000 	C:\Windows\SYSTEM32\WINNSI.DLL

VM Arguments:
jvm_args: -Xmx2048m -Dfile.encoding=UTF-8 -Duser.country=BR -Duser.language=pt -Duser.variant 
java_command: org.gradle.launcher.daemon.bootstrap.GradleDaemon 6.5
java_class_path (initial): C:\Users\thierry\.gradle\wrapper\dists\gradle-6.5-bin\6nifqtx7604sqp1q6g8wikw7p\gradle-6.5\lib\gradle-launcher-6.5.jar
Launcher Type: SUN_STANDARD

Environment Variables:
PATH=C:\Windows\system32;C:\Windows;C:\Windows\System32\Wbem;C:\Windows\System32\WindowsPowerShell\v1.0\;C:\Windows\System32\OpenSSH\;C:\Program Files\NVIDIA Corporation\NVIDIA NvDLISR;C:\Program Files (x86)\NVIDIA Corporation\PhysX\Common;D:\flutter\bin;D:\Git\cmd;C:\Users\thierry\AppData\Local\Microsoft\WindowsApps;C:\Users\thierry\AppData\Local\Programs\Microsoft VS Code\bin;D:\flutter\bin;
USERNAME=thierry
OS=Windows_NT
PROCESSOR_IDENTIFIER=Intel64 Family 6 Model 94 Stepping 3, GenuineIntel



---------------  S Y S T E M  ---------------

OS: Windows 10.0 , 64 bit Build 19041 (10.0.19041.1023)

CPU:total 4 (initial active 4) (4 cores per cpu, 1 threads per core) family 6 model 94 stepping 3, cmov, cx8, fxsr, mmx, sse, sse2, sse3, ssse3, sse4.1, sse4.2, popcnt, avx, avx2, aes, clmul, erms, 3dnowpref, lzcnt, tsc, tscinvbit, bmi1, bmi2, adx

Memory: 4k page, physical 8342564k(1823708k free), swap 8342564k(2696k free)

vm_info: OpenJDK 64-Bit Server VM (25.242-b01) for windows-amd64 JRE (1.8.0_242-release-1644-b01), built by "builder" with MS VC++ 10.0 (VS2010)

time: Wed Jul 21 21:00:16 2021
timezone: Hora oficial do Brasil
elapsed time: 4 seconds (0d 0h 0m 4s)

